{
"C:\\Users\\Yoana\\Desktop\\Web-Applications-Teamwork\\data\\categories.data.js":{"path":"C:\\Users\\Yoana\\Desktop\\Web-Applications-Teamwork\\data\\categories.data.js","s":{"1":0,"2":0,"3":0,"4":0,"5":0,"6":0,"7":0,"8":0,"9":0,"10":0,"11":0,"12":0,"13":0,"14":0},"b":{"1":[0,0]},"f":{"1":0,"2":0,"3":0,"4":0,"5":0,"6":0,"7":0},"fnMap":{"1":{"name":"(anonymous_1)","line":4,"loc":{"start":{"line":4,"column":15},"end":{"line":4,"column":31}}},"2":{"name":"(anonymous_2)","line":10,"loc":{"start":{"line":10,"column":10},"end":{"line":10,"column":24}}},"3":{"name":"(anonymous_3)","line":17,"loc":{"start":{"line":17,"column":10},"end":{"line":17,"column":13}}},"4":{"name":"(anonymous_4)","line":23,"loc":{"start":{"line":23,"column":23},"end":{"line":23,"column":38}}},"5":{"name":"(anonymous_5)","line":32,"loc":{"start":{"line":32,"column":22},"end":{"line":32,"column":44}}},"6":{"name":"(anonymous_6)","line":39,"loc":{"start":{"line":39,"column":15},"end":{"line":40,"column":44}}},"7":{"name":"(anonymous_7)","line":61,"loc":{"start":{"line":61,"column":15},"end":{"line":61,"column":37}}}},"statementMap":{"1":{"start":{"line":1,"column":0},"end":{"line":1,"column":47}},"2":{"start":{"line":5,"column":8},"end":{"line":5,"column":21}},"3":{"start":{"line":6,"column":8},"end":{"line":6,"column":59}},"4":{"start":{"line":7,"column":8},"end":{"line":7,"column":35}},"5":{"start":{"line":11,"column":8},"end":{"line":14,"column":9}},"6":{"start":{"line":12,"column":12},"end":{"line":12,"column":58}},"7":{"start":{"line":13,"column":12},"end":{"line":13,"column":51}},"8":{"start":{"line":18,"column":8},"end":{"line":20,"column":23}},"9":{"start":{"line":24,"column":8},"end":{"line":29,"column":15}},"10":{"start":{"line":28,"column":16},"end":{"line":28,"column":47}},"11":{"start":{"line":33,"column":8},"end":{"line":36,"column":10}},"12":{"start":{"line":41,"column":8},"end":{"line":58,"column":11}},"13":{"start":{"line":62,"column":8},"end":{"line":65,"column":10}},"14":{"start":{"line":69,"column":0},"end":{"line":69,"column":32}}},"branchMap":{"1":{"line":11,"type":"if","locations":[{"start":{"line":11,"column":8},"end":{"line":11,"column":8}},{"start":{"line":11,"column":8},"end":{"line":11,"column":8}}]}},"l":{"1":0,"5":0,"6":0,"7":0,"11":0,"12":0,"13":0,"18":0,"24":0,"28":0,"33":0,"41":0,"62":0,"69":0}},
"C:\\Users\\Yoana\\Desktop\\Web-Applications-Teamwork\\data\\chats.data.js":{"path":"C:\\Users\\Yoana\\Desktop\\Web-Applications-Teamwork\\data\\chats.data.js","s":{"1":0,"2":0,"3":0,"4":0,"5":0,"6":0,"7":0,"8":0,"9":0},"b":{},"f":{"1":0,"2":0,"3":0},"fnMap":{"1":{"name":"(anonymous_1)","line":4,"loc":{"start":{"line":4,"column":15},"end":{"line":4,"column":31}}},"2":{"name":"(anonymous_2)","line":10,"loc":{"start":{"line":10,"column":21},"end":{"line":10,"column":32}}},"3":{"name":"(anonymous_3)","line":15,"loc":{"start":{"line":15,"column":14},"end":{"line":15,"column":20}}}},"statementMap":{"1":{"start":{"line":1,"column":0},"end":{"line":1,"column":45}},"2":{"start":{"line":5,"column":8},"end":{"line":5,"column":21}},"3":{"start":{"line":6,"column":8},"end":{"line":6,"column":54}},"4":{"start":{"line":7,"column":8},"end":{"line":7,"column":35}},"5":{"start":{"line":11,"column":8},"end":{"line":12,"column":23}},"6":{"start":{"line":16,"column":8},"end":{"line":16,"column":43}},"7":{"start":{"line":17,"column":8},"end":{"line":17,"column":41}},"8":{"start":{"line":18,"column":8},"end":{"line":18,"column":43}},"9":{"start":{"line":22,"column":0},"end":{"line":22,"column":27}}},"branchMap":{},"l":{"1":0,"5":0,"6":0,"7":0,"11":0,"16":0,"17":0,"18":0,"22":0}},
"C:\\Users\\Yoana\\Desktop\\Web-Applications-Teamwork\\data\\data.js":{"path":"C:\\Users\\Yoana\\Desktop\\Web-Applications-Teamwork\\data\\data.js","s":{"1":0,"2":0,"3":0,"4":0,"5":0,"6":0,"7":0,"8":0},"b":{},"f":{},"fnMap":{},"statementMap":{"1":{"start":{"line":1,"column":0},"end":{"line":1,"column":42}},"2":{"start":{"line":2,"column":0},"end":{"line":2,"column":44}},"3":{"start":{"line":3,"column":0},"end":{"line":3,"column":52}},"4":{"start":{"line":4,"column":0},"end":{"line":4,"column":42}},"5":{"start":{"line":5,"column":0},"end":{"line":5,"column":52}},"6":{"start":{"line":7,"column":0},"end":{"line":14,"column":2}},"7":{"start":{"line":8,"column":4},"end":{"line":13,"column":7}},"8":{"start":{"line":16,"column":0},"end":{"line":18,"column":2}}},"branchMap":{},"l":{"1":0,"2":0,"3":0,"4":0,"5":0,"7":0,"8":0,"16":0}},
"C:\\Users\\Yoana\\Desktop\\Web-Applications-Teamwork\\data\\events.data.js":{"path":"C:\\Users\\Yoana\\Desktop\\Web-Applications-Teamwork\\data\\events.data.js","s":{"1":0,"2":0,"3":0,"4":0,"5":0,"6":0,"7":0,"8":0,"9":0,"10":0,"11":0,"12":0,"13":0,"14":0,"15":0,"16":0,"17":0},"b":{"1":[0,0]},"f":{"1":0,"2":0,"3":0,"4":0,"5":0,"6":0,"7":0,"8":0,"9":0,"10":0},"fnMap":{"1":{"name":"(anonymous_1)","line":5,"loc":{"start":{"line":5,"column":15},"end":{"line":5,"column":31}}},"2":{"name":"(anonymous_2)","line":11,"loc":{"start":{"line":11,"column":10},"end":{"line":11,"column":21}}},"3":{"name":"(anonymous_3)","line":18,"loc":{"start":{"line":18,"column":14},"end":{"line":18,"column":22}}},"4":{"name":"(anonymous_4)","line":22,"loc":{"start":{"line":22,"column":13},"end":{"line":22,"column":20}}},"5":{"name":"(anonymous_5)","line":27,"loc":{"start":{"line":27,"column":11},"end":{"line":27,"column":16}}},"6":{"name":"(anonymous_6)","line":31,"loc":{"start":{"line":31,"column":21},"end":{"line":31,"column":31}}},"7":{"name":"(anonymous_7)","line":36,"loc":{"start":{"line":36,"column":15},"end":{"line":36,"column":18}}},"8":{"name":"(anonymous_8)","line":43,"loc":{"start":{"line":43,"column":10},"end":{"line":43,"column":58}}},"9":{"name":"(anonymous_9)","line":55,"loc":{"start":{"line":55,"column":15},"end":{"line":55,"column":35}}},"10":{"name":"(anonymous_10)","line":62,"loc":{"start":{"line":62,"column":10},"end":{"line":62,"column":23}}}},"statementMap":{"1":{"start":{"line":1,"column":0},"end":{"line":1,"column":41}},"2":{"start":{"line":2,"column":0},"end":{"line":2,"column":40}},"3":{"start":{"line":6,"column":8},"end":{"line":6,"column":21}},"4":{"start":{"line":7,"column":8},"end":{"line":7,"column":55}},"5":{"start":{"line":8,"column":8},"end":{"line":8,"column":35}},"6":{"start":{"line":12,"column":8},"end":{"line":15,"column":9}},"7":{"start":{"line":13,"column":12},"end":{"line":13,"column":49}},"8":{"start":{"line":14,"column":12},"end":{"line":14,"column":45}},"9":{"start":{"line":19,"column":8},"end":{"line":19,"column":57}},"10":{"start":{"line":23,"column":8},"end":{"line":24,"column":23}},"11":{"start":{"line":28,"column":8},"end":{"line":28,"column":66}},"12":{"start":{"line":32,"column":8},"end":{"line":33,"column":23}},"13":{"start":{"line":37,"column":8},"end":{"line":40,"column":21}},"14":{"start":{"line":44,"column":8},"end":{"line":52,"column":10}},"15":{"start":{"line":56,"column":8},"end":{"line":59,"column":10}},"16":{"start":{"line":63,"column":8},"end":{"line":65,"column":10}},"17":{"start":{"line":69,"column":0},"end":{"line":69,"column":28}}},"branchMap":{"1":{"line":12,"type":"if","locations":[{"start":{"line":12,"column":8},"end":{"line":12,"column":8}},{"start":{"line":12,"column":8},"end":{"line":12,"column":8}}]}},"l":{"1":0,"2":0,"6":0,"7":0,"8":0,"12":0,"13":0,"14":0,"19":0,"23":0,"28":0,"32":0,"37":0,"44":0,"56":0,"63":0,"69":0}},
"C:\\Users\\Yoana\\Desktop\\Web-Applications-Teamwork\\data\\index.js":{"path":"C:\\Users\\Yoana\\Desktop\\Web-Applications-Teamwork\\data\\index.js","s":{"1":0},"b":{},"f":{},"fnMap":{},"statementMap":{"1":{"start":{"line":1,"column":0},"end":{"line":1,"column":35}}},"branchMap":{},"l":{"1":0}},
"C:\\Users\\Yoana\\Desktop\\Web-Applications-Teamwork\\data\\users.data.js":{"path":"C:\\Users\\Yoana\\Desktop\\Web-Applications-Teamwork\\data\\users.data.js","s":{"1":1,"2":1,"3":2,"4":2,"5":2,"6":0,"7":0,"8":0,"9":0,"10":0,"11":0,"12":0,"13":0,"14":2,"15":0,"16":0,"17":0,"18":0,"19":1},"b":{"1":[0,0]},"f":{"1":2,"2":0,"3":0,"4":0,"5":0,"6":0,"7":2,"8":0,"9":0,"10":0,"11":0},"fnMap":{"1":{"name":"(anonymous_1)","line":5,"loc":{"start":{"line":5,"column":15},"end":{"line":5,"column":31}}},"2":{"name":"(anonymous_2)","line":11,"loc":{"start":{"line":11,"column":10},"end":{"line":11,"column":20}}},"3":{"name":"(anonymous_3)","line":18,"loc":{"start":{"line":18,"column":13},"end":{"line":18,"column":24}}},"4":{"name":"(anonymous_4)","line":25,"loc":{"start":{"line":25,"column":18},"end":{"line":25,"column":36}}},"5":{"name":"(anonymous_5)","line":32,"loc":{"start":{"line":32,"column":9},"end":{"line":32,"column":30}}},"6":{"name":"(anonymous_6)","line":37,"loc":{"start":{"line":37,"column":11},"end":{"line":37,"column":22}}},"7":{"name":"(anonymous_7)","line":42,"loc":{"start":{"line":42,"column":20},"end":{"line":42,"column":30}}},"8":{"name":"(anonymous_8)","line":48,"loc":{"start":{"line":48,"column":15},"end":{"line":48,"column":20}}},"9":{"name":"(anonymous_9)","line":53,"loc":{"start":{"line":53,"column":17},"end":{"line":53,"column":69}}},"10":{"name":"(anonymous_10)","line":67,"loc":{"start":{"line":67,"column":15},"end":{"line":68,"column":38}}},"11":{"name":"(anonymous_11)","line":89,"loc":{"start":{"line":89,"column":15},"end":{"line":89,"column":38}}}},"statementMap":{"1":{"start":{"line":1,"column":0},"end":{"line":1,"column":39}},"2":{"start":{"line":2,"column":0},"end":{"line":2,"column":40}},"3":{"start":{"line":6,"column":8},"end":{"line":6,"column":21}},"4":{"start":{"line":7,"column":8},"end":{"line":7,"column":54}},"5":{"start":{"line":8,"column":8},"end":{"line":8,"column":35}},"6":{"start":{"line":12,"column":8},"end":{"line":15,"column":9}},"7":{"start":{"line":13,"column":12},"end":{"line":13,"column":46}},"8":{"start":{"line":14,"column":12},"end":{"line":14,"column":47}},"9":{"start":{"line":19,"column":8},"end":{"line":22,"column":15}},"10":{"start":{"line":21,"column":16},"end":{"line":21,"column":35}},"11":{"start":{"line":26,"column":8},"end":{"line":29,"column":10}},"12":{"start":{"line":33,"column":8},"end":{"line":34,"column":65}},"13":{"start":{"line":38,"column":8},"end":{"line":39,"column":45}},"14":{"start":{"line":43,"column":8},"end":{"line":45,"column":23}},"15":{"start":{"line":49,"column":8},"end":{"line":50,"column":48}},"16":{"start":{"line":54,"column":12},"end":{"line":64,"column":19}},"17":{"start":{"line":69,"column":8},"end":{"line":86,"column":11}},"18":{"start":{"line":90,"column":8},"end":{"line":94,"column":10}},"19":{"start":{"line":98,"column":0},"end":{"line":98,"column":27}}},"branchMap":{"1":{"line":12,"type":"if","locations":[{"start":{"line":12,"column":8},"end":{"line":12,"column":8}},{"start":{"line":12,"column":8},"end":{"line":12,"column":8}}]}},"l":{"1":1,"2":1,"6":2,"7":2,"8":2,"12":0,"13":0,"14":0,"19":0,"21":0,"26":0,"33":0,"38":0,"43":2,"49":0,"54":0,"69":0,"90":0,"98":1}},
"C:\\Users\\Yoana\\Desktop\\Web-Applications-Teamwork\\app\\controllers\\errors.controller.js":{"path":"C:\\Users\\Yoana\\Desktop\\Web-Applications-Teamwork\\app\\controllers\\errors.controller.js","s":{"1":0,"2":0,"3":0},"b":{},"f":{},"fnMap":{},"statementMap":{"1":{"start":{"line":1,"column":0},"end":{"line":7,"column":2}},"2":{"start":{"line":2,"column":4},"end":{"line":6,"column":6}},"3":{"start":{"line":4,"column":12},"end":{"line":4,"column":39}}},"branchMap":{},"l":{"1":0,"2":0,"4":0}},
"C:\\Users\\Yoana\\Desktop\\Web-Applications-Teamwork\\app\\controllers\\events.controller.js":{"path":"C:\\Users\\Yoana\\Desktop\\Web-Applications-Teamwork\\app\\controllers\\events.controller.js","s":{"1":0,"2":0,"3":0,"4":0,"5":0,"6":0,"7":0,"8":0,"9":0,"10":0,"11":0,"12":0,"13":0,"14":0,"15":0,"16":0,"17":0,"18":0,"19":0,"20":0,"21":0,"22":0,"23":0,"24":0,"25":0,"26":0,"27":0,"28":0,"29":0,"30":0,"31":0,"32":0,"33":0,"34":0,"35":0,"36":0,"37":0,"38":0,"39":0,"40":0,"41":0,"42":0,"43":0,"44":0,"45":0,"46":0,"47":0,"48":0,"49":0,"50":0,"51":0,"52":0,"53":0,"54":0,"55":0,"56":0,"57":0,"58":0,"59":0,"60":0,"61":0,"62":0,"63":0,"64":0,"65":0,"66":0,"67":0,"68":0,"69":0,"70":0,"71":0,"72":0,"73":0,"74":0,"75":0,"76":0,"77":0,"78":0,"79":0,"80":0,"81":0,"82":0,"83":0,"84":0,"85":0,"86":0,"87":0,"88":0,"89":0,"90":0,"91":0,"92":0,"93":0,"94":0,"95":0,"96":0,"97":0,"98":0,"99":0,"100":0,"101":0,"102":0,"103":0,"104":0,"105":0,"106":0,"107":0,"108":0,"109":0,"110":0,"111":0},"b":{"1":[0,0],"2":[0,0],"3":[0,0],"4":[0,0],"5":[0,0],"6":[0,0],"7":[0,0],"8":[0,0],"9":[0,0],"10":[0,0],"11":[0,0],"12":[0,0],"13":[0,0],"14":[0,0],"15":[0,0],"16":[0,0],"17":[0,0],"18":[0,0],"19":[0,0],"20":[0,0]},"f":{},"fnMap":{},"statementMap":{"1":{"start":{"line":1,"column":0},"end":{"line":286,"column":2}},"2":{"start":{"line":2,"column":4},"end":{"line":285,"column":6}},"3":{"start":{"line":4,"column":12},"end":{"line":6,"column":13}},"4":{"start":{"line":5,"column":16},"end":{"line":5,"column":46}},"5":{"start":{"line":8,"column":12},"end":{"line":13,"column":19}},"6":{"start":{"line":10,"column":20},"end":{"line":12,"column":23}},"7":{"start":{"line":16,"column":12},"end":{"line":18,"column":13}},"8":{"start":{"line":17,"column":16},"end":{"line":17,"column":46}},"9":{"start":{"line":20,"column":12},"end":{"line":21,"column":60}},"10":{"start":{"line":22,"column":12},"end":{"line":22,"column":60}},"11":{"start":{"line":23,"column":12},"end":{"line":23,"column":62}},"12":{"start":{"line":24,"column":12},"end":{"line":24,"column":78}},"13":{"start":{"line":25,"column":12},"end":{"line":25,"column":72}},"14":{"start":{"line":27,"column":12},"end":{"line":27,"column":35}},"15":{"start":{"line":29,"column":12},"end":{"line":80,"column":19}},"16":{"start":{"line":31,"column":20},"end":{"line":40,"column":21}},"17":{"start":{"line":32,"column":24},"end":{"line":39,"column":31}},"18":{"start":{"line":34,"column":32},"end":{"line":38,"column":35}},"19":{"start":{"line":42,"column":20},"end":{"line":79,"column":27}},"20":{"start":{"line":44,"column":28},"end":{"line":57,"column":29}},"21":{"start":{"line":45,"column":32},"end":{"line":45,"column":50}},"22":{"start":{"line":46,"column":32},"end":{"line":47,"column":62}},"23":{"start":{"line":49,"column":32},"end":{"line":56,"column":39}},"24":{"start":{"line":51,"column":40},"end":{"line":55,"column":43}},"25":{"start":{"line":59,"column":28},"end":{"line":59,"column":44}},"26":{"start":{"line":60,"column":28},"end":{"line":60,"column":140}},"27":{"start":{"line":61,"column":28},"end":{"line":61,"column":59}},"28":{"start":{"line":63,"column":28},"end":{"line":63,"column":54}},"29":{"start":{"line":65,"column":28},"end":{"line":74,"column":29}},"30":{"start":{"line":66,"column":32},"end":{"line":66,"column":66}},"31":{"start":{"line":67,"column":32},"end":{"line":68,"column":73}},"32":{"start":{"line":70,"column":32},"end":{"line":73,"column":35}},"33":{"start":{"line":71,"column":36},"end":{"line":72,"column":77}},"34":{"start":{"line":76,"column":28},"end":{"line":76,"column":73}},"35":{"start":{"line":78,"column":28},"end":{"line":78,"column":74}},"36":{"start":{"line":83,"column":12},"end":{"line":83,"column":43}},"37":{"start":{"line":85,"column":12},"end":{"line":85,"column":22}},"38":{"start":{"line":86,"column":12},"end":{"line":104,"column":19}},"39":{"start":{"line":88,"column":20},"end":{"line":90,"column":21}},"40":{"start":{"line":89,"column":24},"end":{"line":89,"column":64}},"41":{"start":{"line":92,"column":20},"end":{"line":92,"column":45}},"42":{"start":{"line":93,"column":20},"end":{"line":93,"column":69}},"43":{"start":{"line":96,"column":20},"end":{"line":100,"column":23}},"44":{"start":{"line":103,"column":20},"end":{"line":103,"column":50}},"45":{"start":{"line":107,"column":12},"end":{"line":112,"column":19}},"46":{"start":{"line":109,"column":20},"end":{"line":111,"column":23}},"47":{"start":{"line":115,"column":12},"end":{"line":115,"column":45}},"48":{"start":{"line":117,"column":12},"end":{"line":127,"column":19}},"49":{"start":{"line":119,"column":20},"end":{"line":121,"column":21}},"50":{"start":{"line":120,"column":24},"end":{"line":120,"column":61}},"51":{"start":{"line":123,"column":20},"end":{"line":123,"column":48}},"52":{"start":{"line":124,"column":20},"end":{"line":126,"column":23}},"53":{"start":{"line":130,"column":12},"end":{"line":130,"column":45}},"54":{"start":{"line":132,"column":12},"end":{"line":144,"column":19}},"55":{"start":{"line":134,"column":20},"end":{"line":138,"column":21}},"56":{"start":{"line":135,"column":24},"end":{"line":137,"column":27}},"57":{"start":{"line":140,"column":20},"end":{"line":143,"column":23}},"58":{"start":{"line":147,"column":12},"end":{"line":147,"column":51}},"59":{"start":{"line":150,"column":12},"end":{"line":150,"column":41}},"60":{"start":{"line":152,"column":12},"end":{"line":161,"column":19}},"61":{"start":{"line":154,"column":20},"end":{"line":156,"column":21}},"62":{"start":{"line":155,"column":24},"end":{"line":155,"column":61}},"63":{"start":{"line":158,"column":20},"end":{"line":160,"column":23}},"64":{"start":{"line":164,"column":12},"end":{"line":166,"column":13}},"65":{"start":{"line":165,"column":16},"end":{"line":165,"column":46}},"66":{"start":{"line":168,"column":12},"end":{"line":168,"column":60}},"67":{"start":{"line":169,"column":12},"end":{"line":169,"column":62}},"68":{"start":{"line":170,"column":12},"end":{"line":170,"column":78}},"69":{"start":{"line":172,"column":12},"end":{"line":172,"column":38}},"70":{"start":{"line":173,"column":12},"end":{"line":173,"column":43}},"71":{"start":{"line":175,"column":12},"end":{"line":224,"column":19}},"72":{"start":{"line":177,"column":20},"end":{"line":184,"column":21}},"73":{"start":{"line":181,"column":24},"end":{"line":183,"column":27}},"74":{"start":{"line":186,"column":20},"end":{"line":223,"column":27}},"75":{"start":{"line":188,"column":28},"end":{"line":190,"column":29}},"76":{"start":{"line":189,"column":32},"end":{"line":189,"column":62}},"77":{"start":{"line":192,"column":28},"end":{"line":194,"column":29}},"78":{"start":{"line":193,"column":32},"end":{"line":193,"column":62}},"79":{"start":{"line":196,"column":28},"end":{"line":198,"column":66}},"80":{"start":{"line":200,"column":28},"end":{"line":203,"column":79}},"81":{"start":{"line":205,"column":28},"end":{"line":220,"column":29}},"82":{"start":{"line":206,"column":32},"end":{"line":206,"column":66}},"83":{"start":{"line":207,"column":32},"end":{"line":211,"column":77}},"84":{"start":{"line":213,"column":32},"end":{"line":219,"column":35}},"85":{"start":{"line":214,"column":36},"end":{"line":218,"column":68}},"86":{"start":{"line":222,"column":28},"end":{"line":222,"column":77}},"87":{"start":{"line":227,"column":12},"end":{"line":229,"column":13}},"88":{"start":{"line":228,"column":16},"end":{"line":228,"column":46}},"89":{"start":{"line":231,"column":12},"end":{"line":231,"column":43}},"90":{"start":{"line":233,"column":12},"end":{"line":257,"column":19}},"91":{"start":{"line":235,"column":20},"end":{"line":237,"column":21}},"92":{"start":{"line":236,"column":24},"end":{"line":236,"column":54}},"93":{"start":{"line":239,"column":20},"end":{"line":241,"column":21}},"94":{"start":{"line":240,"column":24},"end":{"line":240,"column":54}},"95":{"start":{"line":243,"column":20},"end":{"line":243,"column":46}},"96":{"start":{"line":245,"column":20},"end":{"line":245,"column":69}},"97":{"start":{"line":247,"column":20},"end":{"line":254,"column":21}},"98":{"start":{"line":248,"column":24},"end":{"line":248,"column":58}},"99":{"start":{"line":249,"column":24},"end":{"line":249,"column":69}},"100":{"start":{"line":251,"column":24},"end":{"line":253,"column":27}},"101":{"start":{"line":252,"column":28},"end":{"line":252,"column":73}},"102":{"start":{"line":256,"column":20},"end":{"line":256,"column":45}},"103":{"start":{"line":261,"column":12},"end":{"line":261,"column":43}},"104":{"start":{"line":262,"column":12},"end":{"line":262,"column":48}},"105":{"start":{"line":264,"column":12},"end":{"line":275,"column":13}},"106":{"start":{"line":265,"column":16},"end":{"line":274,"column":19}},"107":{"start":{"line":267,"column":20},"end":{"line":269,"column":21}},"108":{"start":{"line":268,"column":24},"end":{"line":268,"column":61}},"109":{"start":{"line":271,"column":20},"end":{"line":273,"column":23}},"110":{"start":{"line":277,"column":12},"end":{"line":283,"column":19}},"111":{"start":{"line":279,"column":20},"end":{"line":282,"column":23}}},"branchMap":{"1":{"line":4,"type":"if","locations":[{"start":{"line":4,"column":12},"end":{"line":4,"column":12}},{"start":{"line":4,"column":12},"end":{"line":4,"column":12}}]},"2":{"line":16,"type":"if","locations":[{"start":{"line":16,"column":12},"end":{"line":16,"column":12}},{"start":{"line":16,"column":12},"end":{"line":16,"column":12}}]},"3":{"line":31,"type":"if","locations":[{"start":{"line":31,"column":20},"end":{"line":31,"column":20}},{"start":{"line":31,"column":20},"end":{"line":31,"column":20}}]},"4":{"line":44,"type":"if","locations":[{"start":{"line":44,"column":28},"end":{"line":44,"column":28}},{"start":{"line":44,"column":28},"end":{"line":44,"column":28}}]},"5":{"line":65,"type":"if","locations":[{"start":{"line":65,"column":28},"end":{"line":65,"column":28}},{"start":{"line":65,"column":28},"end":{"line":65,"column":28}}]},"6":{"line":88,"type":"if","locations":[{"start":{"line":88,"column":20},"end":{"line":88,"column":20}},{"start":{"line":88,"column":20},"end":{"line":88,"column":20}}]},"7":{"line":119,"type":"if","locations":[{"start":{"line":119,"column":20},"end":{"line":119,"column":20}},{"start":{"line":119,"column":20},"end":{"line":119,"column":20}}]},"8":{"line":134,"type":"if","locations":[{"start":{"line":134,"column":20},"end":{"line":134,"column":20}},{"start":{"line":134,"column":20},"end":{"line":134,"column":20}}]},"9":{"line":154,"type":"if","locations":[{"start":{"line":154,"column":20},"end":{"line":154,"column":20}},{"start":{"line":154,"column":20},"end":{"line":154,"column":20}}]},"10":{"line":164,"type":"if","locations":[{"start":{"line":164,"column":12},"end":{"line":164,"column":12}},{"start":{"line":164,"column":12},"end":{"line":164,"column":12}}]},"11":{"line":177,"type":"if","locations":[{"start":{"line":177,"column":20},"end":{"line":177,"column":20}},{"start":{"line":177,"column":20},"end":{"line":177,"column":20}}]},"12":{"line":188,"type":"if","locations":[{"start":{"line":188,"column":28},"end":{"line":188,"column":28}},{"start":{"line":188,"column":28},"end":{"line":188,"column":28}}]},"13":{"line":192,"type":"if","locations":[{"start":{"line":192,"column":28},"end":{"line":192,"column":28}},{"start":{"line":192,"column":28},"end":{"line":192,"column":28}}]},"14":{"line":205,"type":"if","locations":[{"start":{"line":205,"column":28},"end":{"line":205,"column":28}},{"start":{"line":205,"column":28},"end":{"line":205,"column":28}}]},"15":{"line":227,"type":"if","locations":[{"start":{"line":227,"column":12},"end":{"line":227,"column":12}},{"start":{"line":227,"column":12},"end":{"line":227,"column":12}}]},"16":{"line":235,"type":"if","locations":[{"start":{"line":235,"column":20},"end":{"line":235,"column":20}},{"start":{"line":235,"column":20},"end":{"line":235,"column":20}}]},"17":{"line":239,"type":"if","locations":[{"start":{"line":239,"column":20},"end":{"line":239,"column":20}},{"start":{"line":239,"column":20},"end":{"line":239,"column":20}}]},"18":{"line":247,"type":"if","locations":[{"start":{"line":247,"column":20},"end":{"line":247,"column":20}},{"start":{"line":247,"column":20},"end":{"line":247,"column":20}}]},"19":{"line":264,"type":"if","locations":[{"start":{"line":264,"column":12},"end":{"line":264,"column":12}},{"start":{"line":264,"column":12},"end":{"line":264,"column":12}}]},"20":{"line":267,"type":"if","locations":[{"start":{"line":267,"column":20},"end":{"line":267,"column":20}},{"start":{"line":267,"column":20},"end":{"line":267,"column":20}}]}},"l":{"1":0,"2":0,"4":0,"5":0,"8":0,"10":0,"16":0,"17":0,"20":0,"22":0,"23":0,"24":0,"25":0,"27":0,"29":0,"31":0,"32":0,"34":0,"42":0,"44":0,"45":0,"46":0,"49":0,"51":0,"59":0,"60":0,"61":0,"63":0,"65":0,"66":0,"67":0,"70":0,"71":0,"76":0,"78":0,"83":0,"85":0,"86":0,"88":0,"89":0,"92":0,"93":0,"96":0,"103":0,"107":0,"109":0,"115":0,"117":0,"119":0,"120":0,"123":0,"124":0,"130":0,"132":0,"134":0,"135":0,"140":0,"147":0,"150":0,"152":0,"154":0,"155":0,"158":0,"164":0,"165":0,"168":0,"169":0,"170":0,"172":0,"173":0,"175":0,"177":0,"181":0,"186":0,"188":0,"189":0,"192":0,"193":0,"196":0,"200":0,"205":0,"206":0,"207":0,"213":0,"214":0,"222":0,"227":0,"228":0,"231":0,"233":0,"235":0,"236":0,"239":0,"240":0,"243":0,"245":0,"247":0,"248":0,"249":0,"251":0,"252":0,"256":0,"261":0,"262":0,"264":0,"265":0,"267":0,"268":0,"271":0,"277":0,"279":0}},
"C:\\Users\\Yoana\\Desktop\\Web-Applications-Teamwork\\app\\controllers\\home.controller.js":{"path":"C:\\Users\\Yoana\\Desktop\\Web-Applications-Teamwork\\app\\controllers\\home.controller.js","s":{"1":0,"2":0,"3":0,"4":0,"5":0},"b":{},"f":{},"fnMap":{},"statementMap":{"1":{"start":{"line":1,"column":0},"end":{"line":17,"column":2}},"2":{"start":{"line":2,"column":4},"end":{"line":16,"column":6}},"3":{"start":{"line":4,"column":12},"end":{"line":10,"column":19}},"4":{"start":{"line":6,"column":20},"end":{"line":9,"column":24}},"5":{"start":{"line":14,"column":12},"end":{"line":14,"column":47}}},"branchMap":{},"l":{"1":0,"2":0,"4":0,"6":0,"14":0}},
"C:\\Users\\Yoana\\Desktop\\Web-Applications-Teamwork\\app\\controllers\\users.controller.js":{"path":"C:\\Users\\Yoana\\Desktop\\Web-Applications-Teamwork\\app\\controllers\\users.controller.js","s":{"1":0,"2":0,"3":0,"4":0,"5":0,"6":0,"7":0,"8":0,"9":0,"10":0,"11":0,"12":0,"13":0,"14":0,"15":0,"16":0,"17":0,"18":0,"19":0,"20":0,"21":0,"22":0,"23":0,"24":0,"25":0,"26":0,"27":0,"28":0,"29":0,"30":0,"31":0,"32":0,"33":0,"34":0,"35":0,"36":0,"37":0,"38":0,"39":0,"40":0,"41":0,"42":0,"43":0,"44":0,"45":0,"46":0,"47":0,"48":0,"49":0,"50":0,"51":0,"52":0,"53":0,"54":0,"55":0,"56":0,"57":0,"58":0,"59":0},"b":{"1":[0,0],"2":[0,0],"3":[0,0],"4":[0,0],"5":[0,0],"6":[0,0],"7":[0,0],"8":[0,0],"9":[0,0],"10":[0,0],"11":[0,0],"12":[0,0]},"f":{},"fnMap":{},"statementMap":{"1":{"start":{"line":1,"column":0},"end":{"line":147,"column":2}},"2":{"start":{"line":2,"column":4},"end":{"line":146,"column":6}},"3":{"start":{"line":4,"column":12},"end":{"line":8,"column":13}},"4":{"start":{"line":5,"column":16},"end":{"line":5,"column":51}},"5":{"start":{"line":7,"column":16},"end":{"line":7,"column":58}},"6":{"start":{"line":10,"column":12},"end":{"line":10,"column":39}},"7":{"start":{"line":13,"column":12},"end":{"line":17,"column":13}},"8":{"start":{"line":14,"column":16},"end":{"line":14,"column":51}},"9":{"start":{"line":16,"column":16},"end":{"line":16,"column":58}},"10":{"start":{"line":19,"column":12},"end":{"line":19,"column":40}},"11":{"start":{"line":22,"column":12},"end":{"line":26,"column":13}},"12":{"start":{"line":23,"column":16},"end":{"line":23,"column":51}},"13":{"start":{"line":25,"column":16},"end":{"line":25,"column":58}},"14":{"start":{"line":28,"column":12},"end":{"line":28,"column":34}},"15":{"start":{"line":30,"column":12},"end":{"line":31,"column":73}},"16":{"start":{"line":32,"column":12},"end":{"line":33,"column":64}},"17":{"start":{"line":34,"column":12},"end":{"line":35,"column":39}},"18":{"start":{"line":36,"column":12},"end":{"line":36,"column":64}},"19":{"start":{"line":38,"column":12},"end":{"line":67,"column":19}},"20":{"start":{"line":40,"column":20},"end":{"line":45,"column":21}},"21":{"start":{"line":41,"column":24},"end":{"line":44,"column":27}},"22":{"start":{"line":47,"column":20},"end":{"line":66,"column":27}},"23":{"start":{"line":49,"column":28},"end":{"line":58,"column":29}},"24":{"start":{"line":50,"column":32},"end":{"line":50,"column":50}},"25":{"start":{"line":51,"column":32},"end":{"line":52,"column":65}},"26":{"start":{"line":54,"column":32},"end":{"line":57,"column":35}},"27":{"start":{"line":60,"column":28},"end":{"line":60,"column":112}},"28":{"start":{"line":61,"column":28},"end":{"line":61,"column":45}},"29":{"start":{"line":63,"column":28},"end":{"line":63,"column":52}},"30":{"start":{"line":65,"column":28},"end":{"line":65,"column":58}},"31":{"start":{"line":70,"column":12},"end":{"line":70,"column":25}},"32":{"start":{"line":71,"column":12},"end":{"line":71,"column":37}},"33":{"start":{"line":74,"column":12},"end":{"line":74,"column":49}},"34":{"start":{"line":76,"column":12},"end":{"line":92,"column":19}},"35":{"start":{"line":78,"column":20},"end":{"line":80,"column":21}},"36":{"start":{"line":79,"column":24},"end":{"line":79,"column":54}},"37":{"start":{"line":82,"column":20},"end":{"line":87,"column":21}},"38":{"start":{"line":83,"column":24},"end":{"line":86,"column":27}},"39":{"start":{"line":89,"column":20},"end":{"line":91,"column":23}},"40":{"start":{"line":95,"column":12},"end":{"line":97,"column":13}},"41":{"start":{"line":96,"column":16},"end":{"line":96,"column":41}},"42":{"start":{"line":99,"column":12},"end":{"line":99,"column":37}},"43":{"start":{"line":100,"column":12},"end":{"line":100,"column":49}},"44":{"start":{"line":102,"column":12},"end":{"line":103,"column":78}},"45":{"start":{"line":105,"column":12},"end":{"line":105,"column":67}},"46":{"start":{"line":108,"column":12},"end":{"line":108,"column":49}},"47":{"start":{"line":110,"column":12},"end":{"line":119,"column":19}},"48":{"start":{"line":112,"column":20},"end":{"line":114,"column":21}},"49":{"start":{"line":113,"column":24},"end":{"line":113,"column":61}},"50":{"start":{"line":116,"column":20},"end":{"line":118,"column":23}},"51":{"start":{"line":122,"column":12},"end":{"line":122,"column":43}},"52":{"start":{"line":123,"column":12},"end":{"line":123,"column":48}},"53":{"start":{"line":125,"column":12},"end":{"line":136,"column":13}},"54":{"start":{"line":126,"column":16},"end":{"line":135,"column":19}},"55":{"start":{"line":128,"column":20},"end":{"line":130,"column":21}},"56":{"start":{"line":129,"column":24},"end":{"line":129,"column":60}},"57":{"start":{"line":132,"column":20},"end":{"line":134,"column":23}},"58":{"start":{"line":138,"column":12},"end":{"line":144,"column":19}},"59":{"start":{"line":140,"column":20},"end":{"line":143,"column":23}}},"branchMap":{"1":{"line":4,"type":"if","locations":[{"start":{"line":4,"column":12},"end":{"line":4,"column":12}},{"start":{"line":4,"column":12},"end":{"line":4,"column":12}}]},"2":{"line":13,"type":"if","locations":[{"start":{"line":13,"column":12},"end":{"line":13,"column":12}},{"start":{"line":13,"column":12},"end":{"line":13,"column":12}}]},"3":{"line":22,"type":"if","locations":[{"start":{"line":22,"column":12},"end":{"line":22,"column":12}},{"start":{"line":22,"column":12},"end":{"line":22,"column":12}}]},"4":{"line":40,"type":"if","locations":[{"start":{"line":40,"column":20},"end":{"line":40,"column":20}},{"start":{"line":40,"column":20},"end":{"line":40,"column":20}}]},"5":{"line":49,"type":"if","locations":[{"start":{"line":49,"column":28},"end":{"line":49,"column":28}},{"start":{"line":49,"column":28},"end":{"line":49,"column":28}}]},"6":{"line":78,"type":"if","locations":[{"start":{"line":78,"column":20},"end":{"line":78,"column":20}},{"start":{"line":78,"column":20},"end":{"line":78,"column":20}}]},"7":{"line":82,"type":"if","locations":[{"start":{"line":82,"column":20},"end":{"line":82,"column":20}},{"start":{"line":82,"column":20},"end":{"line":82,"column":20}}]},"8":{"line":95,"type":"if","locations":[{"start":{"line":95,"column":12},"end":{"line":95,"column":12}},{"start":{"line":95,"column":12},"end":{"line":95,"column":12}}]},"9":{"line":95,"type":"binary-expr","locations":[{"start":{"line":95,"column":16},"end":{"line":95,"column":25}},{"start":{"line":95,"column":29},"end":{"line":95,"column":70}}]},"10":{"line":112,"type":"if","locations":[{"start":{"line":112,"column":20},"end":{"line":112,"column":20}},{"start":{"line":112,"column":20},"end":{"line":112,"column":20}}]},"11":{"line":125,"type":"if","locations":[{"start":{"line":125,"column":12},"end":{"line":125,"column":12}},{"start":{"line":125,"column":12},"end":{"line":125,"column":12}}]},"12":{"line":128,"type":"if","locations":[{"start":{"line":128,"column":20},"end":{"line":128,"column":20}},{"start":{"line":128,"column":20},"end":{"line":128,"column":20}}]}},"l":{"1":0,"2":0,"4":0,"5":0,"7":0,"10":0,"13":0,"14":0,"16":0,"19":0,"22":0,"23":0,"25":0,"28":0,"30":0,"32":0,"34":0,"36":0,"38":0,"40":0,"41":0,"47":0,"49":0,"50":0,"51":0,"54":0,"60":0,"61":0,"63":0,"65":0,"70":0,"71":0,"74":0,"76":0,"78":0,"79":0,"82":0,"83":0,"89":0,"95":0,"96":0,"99":0,"100":0,"102":0,"105":0,"108":0,"110":0,"112":0,"113":0,"116":0,"122":0,"123":0,"125":0,"126":0,"128":0,"129":0,"132":0,"138":0,"140":0}},
"C:\\Users\\Yoana\\Desktop\\Web-Applications-Teamwork\\app\\app.js":{"path":"C:\\Users\\Yoana\\Desktop\\Web-Applications-Teamwork\\app\\app.js","s":{"1":0,"2":0,"3":0,"4":0,"5":0,"6":0,"7":0,"8":0,"9":0,"10":0,"11":0,"12":0,"13":0,"14":0,"15":0,"16":0,"17":0,"18":0,"19":0,"20":0,"21":0,"22":0,"23":0,"24":0,"25":0,"26":0,"27":0,"28":0,"29":0,"30":0,"31":0,"32":0,"33":0,"34":0,"35":0,"36":0,"37":0,"38":0,"39":0,"40":0,"41":0,"42":0,"43":0,"44":0,"45":0,"46":0,"47":0,"48":0,"49":0,"50":0,"51":0,"52":0,"53":0,"54":0,"55":0,"56":0,"57":0},"b":{},"f":{},"fnMap":{},"statementMap":{"1":{"start":{"line":1,"column":0},"end":{"line":1,"column":35}},"2":{"start":{"line":2,"column":0},"end":{"line":2,"column":37}},"3":{"start":{"line":3,"column":0},"end":{"line":3,"column":46}},"4":{"start":{"line":4,"column":0},"end":{"line":4,"column":42}},"5":{"start":{"line":5,"column":0},"end":{"line":5,"column":54}},"6":{"start":{"line":7,"column":0},"end":{"line":84,"column":2}},"7":{"start":{"line":8,"column":4},"end":{"line":8,"column":26}},"8":{"start":{"line":9,"column":4},"end":{"line":9,"column":47}},"9":{"start":{"line":10,"column":4},"end":{"line":10,"column":44}},"10":{"start":{"line":12,"column":4},"end":{"line":12,"column":34}},"11":{"start":{"line":13,"column":4},"end":{"line":13,"column":53}},"12":{"start":{"line":14,"column":4},"end":{"line":14,"column":38}},"13":{"start":{"line":15,"column":4},"end":{"line":15,"column":31}},"14":{"start":{"line":16,"column":4},"end":{"line":16,"column":56}},"15":{"start":{"line":17,"column":4},"end":{"line":17,"column":32}},"16":{"start":{"line":19,"column":4},"end":{"line":19,"column":74}},"17":{"start":{"line":20,"column":4},"end":{"line":20,"column":78}},"18":{"start":{"line":21,"column":4},"end":{"line":21,"column":76}},"19":{"start":{"line":22,"column":4},"end":{"line":22,"column":74}},"20":{"start":{"line":24,"column":4},"end":{"line":24,"column":58}},"21":{"start":{"line":25,"column":4},"end":{"line":28,"column":7}},"22":{"start":{"line":26,"column":8},"end":{"line":26,"column":35}},"23":{"start":{"line":27,"column":8},"end":{"line":27,"column":15}},"24":{"start":{"line":29,"column":4},"end":{"line":29,"column":40}},"25":{"start":{"line":30,"column":4},"end":{"line":33,"column":7}},"26":{"start":{"line":31,"column":8},"end":{"line":31,"column":68}},"27":{"start":{"line":32,"column":8},"end":{"line":32,"column":15}},"28":{"start":{"line":35,"column":4},"end":{"line":35,"column":39}},"29":{"start":{"line":36,"column":4},"end":{"line":36,"column":48}},"30":{"start":{"line":37,"column":4},"end":{"line":40,"column":8}},"31":{"start":{"line":42,"column":4},"end":{"line":42,"column":50}},"32":{"start":{"line":43,"column":4},"end":{"line":43,"column":52}},"33":{"start":{"line":44,"column":4},"end":{"line":44,"column":47}},"34":{"start":{"line":47,"column":4},"end":{"line":47,"column":63}},"35":{"start":{"line":48,"column":4},"end":{"line":48,"column":65}},"36":{"start":{"line":49,"column":4},"end":{"line":49,"column":64}},"37":{"start":{"line":50,"column":4},"end":{"line":50,"column":64}},"38":{"start":{"line":51,"column":4},"end":{"line":51,"column":67}},"39":{"start":{"line":54,"column":4},"end":{"line":54,"column":62}},"40":{"start":{"line":55,"column":4},"end":{"line":55,"column":74}},"41":{"start":{"line":56,"column":4},"end":{"line":56,"column":75}},"42":{"start":{"line":59,"column":4},"end":{"line":59,"column":62}},"43":{"start":{"line":60,"column":4},"end":{"line":60,"column":79}},"44":{"start":{"line":63,"column":4},"end":{"line":63,"column":64}},"45":{"start":{"line":64,"column":4},"end":{"line":64,"column":67}},"46":{"start":{"line":65,"column":4},"end":{"line":65,"column":74}},"47":{"start":{"line":68,"column":4},"end":{"line":68,"column":46}},"48":{"start":{"line":69,"column":4},"end":{"line":69,"column":64}},"49":{"start":{"line":70,"column":4},"end":{"line":70,"column":61}},"50":{"start":{"line":72,"column":4},"end":{"line":72,"column":45}},"51":{"start":{"line":74,"column":4},"end":{"line":81,"column":7}},"52":{"start":{"line":75,"column":8},"end":{"line":78,"column":11}},"53":{"start":{"line":76,"column":12},"end":{"line":76,"column":39}},"54":{"start":{"line":77,"column":12},"end":{"line":77,"column":41}},"55":{"start":{"line":79,"column":8},"end":{"line":80,"column":11}},"56":{"start":{"line":83,"column":4},"end":{"line":83,"column":35}},"57":{"start":{"line":86,"column":0},"end":{"line":88,"column":2}}},"branchMap":{},"l":{"1":0,"2":0,"3":0,"4":0,"5":0,"7":0,"8":0,"9":0,"10":0,"12":0,"13":0,"14":0,"15":0,"16":0,"17":0,"19":0,"20":0,"21":0,"22":0,"24":0,"25":0,"26":0,"27":0,"29":0,"30":0,"31":0,"32":0,"35":0,"36":0,"37":0,"42":0,"43":0,"44":0,"47":0,"48":0,"49":0,"50":0,"51":0,"54":0,"55":0,"56":0,"59":0,"60":0,"63":0,"64":0,"65":0,"68":0,"69":0,"70":0,"72":0,"74":0,"75":0,"76":0,"77":0,"79":0,"83":0,"86":0}},
"C:\\Users\\Yoana\\Desktop\\Web-Applications-Teamwork\\app\\index.js":{"path":"C:\\Users\\Yoana\\Desktop\\Web-Applications-Teamwork\\app\\index.js","s":{"1":0},"b":{},"f":{},"fnMap":{},"statementMap":{"1":{"start":{"line":1,"column":0},"end":{"line":1,"column":34}}},"branchMap":{},"l":{"1":0}},
"C:\\Users\\Yoana\\Desktop\\Web-Applications-Teamwork\\config\\auth.config.js":{"path":"C:\\Users\\Yoana\\Desktop\\Web-Applications-Teamwork\\config\\auth.config.js","s":{"1":0,"2":0,"3":0,"4":0,"5":0,"6":0,"7":0,"8":0,"9":0,"10":0,"11":0,"12":0,"13":0,"14":0,"15":0,"16":0,"17":0,"18":0,"19":0,"20":0,"21":0,"22":0,"23":0,"24":0,"25":0,"26":0,"27":0,"28":0},"b":{"1":[0,0],"2":[0,0]},"f":{},"fnMap":{},"statementMap":{"1":{"start":{"line":1,"column":0},"end":{"line":1,"column":35}},"2":{"start":{"line":2,"column":0},"end":{"line":2,"column":43}},"3":{"start":{"line":3,"column":0},"end":{"line":3,"column":46}},"4":{"start":{"line":4,"column":0},"end":{"line":4,"column":42}},"5":{"start":{"line":5,"column":0},"end":{"line":5,"column":48}},"6":{"start":{"line":6,"column":0},"end":{"line":6,"column":53}},"7":{"start":{"line":7,"column":0},"end":{"line":7,"column":35}},"8":{"start":{"line":9,"column":0},"end":{"line":57,"column":2}},"9":{"start":{"line":10,"column":4},"end":{"line":10,"column":42}},"10":{"start":{"line":11,"column":4},"end":{"line":13,"column":8}},"11":{"start":{"line":14,"column":4},"end":{"line":14,"column":31}},"12":{"start":{"line":15,"column":4},"end":{"line":20,"column":8}},"13":{"start":{"line":21,"column":4},"end":{"line":21,"column":35}},"14":{"start":{"line":22,"column":4},"end":{"line":22,"column":32}},"15":{"start":{"line":24,"column":4},"end":{"line":33,"column":7}},"16":{"start":{"line":25,"column":8},"end":{"line":31,"column":15}},"17":{"start":{"line":27,"column":16},"end":{"line":29,"column":17}},"18":{"start":{"line":28,"column":20},"end":{"line":28,"column":44}},"19":{"start":{"line":30,"column":16},"end":{"line":30,"column":41}},"20":{"start":{"line":35,"column":4},"end":{"line":37,"column":7}},"21":{"start":{"line":36,"column":8},"end":{"line":36,"column":29}},"22":{"start":{"line":39,"column":4},"end":{"line":56,"column":7}},"23":{"start":{"line":40,"column":8},"end":{"line":55,"column":15}},"24":{"start":{"line":42,"column":16},"end":{"line":52,"column":17}},"25":{"start":{"line":43,"column":20},"end":{"line":49,"column":46}},"26":{"start":{"line":51,"column":20},"end":{"line":51,"column":51}},"27":{"start":{"line":54,"column":16},"end":{"line":54,"column":41}},"28":{"start":{"line":59,"column":0},"end":{"line":59,"column":28}}},"branchMap":{"1":{"line":27,"type":"if","locations":[{"start":{"line":27,"column":16},"end":{"line":27,"column":16}},{"start":{"line":27,"column":16},"end":{"line":27,"column":16}}]},"2":{"line":42,"type":"if","locations":[{"start":{"line":42,"column":16},"end":{"line":42,"column":16}},{"start":{"line":42,"column":16},"end":{"line":42,"column":16}}]}},"l":{"1":0,"2":0,"3":0,"4":0,"5":0,"6":0,"7":0,"9":0,"10":0,"11":0,"14":0,"15":0,"21":0,"22":0,"24":0,"25":0,"27":0,"28":0,"30":0,"35":0,"36":0,"39":0,"40":0,"42":0,"43":0,"51":0,"54":0,"59":0}},
"C:\\Users\\Yoana\\Desktop\\Web-Applications-Teamwork\\config\\config.js":{"path":"C:\\Users\\Yoana\\Desktop\\Web-Applications-Teamwork\\config\\config.js","s":{"1":0,"2":0,"3":0,"4":0,"5":0,"6":0},"b":{},"f":{},"fnMap":{},"statementMap":{"1":{"start":{"line":1,"column":0},"end":{"line":1,"column":29}},"2":{"start":{"line":2,"column":0},"end":{"line":2,"column":27}},"3":{"start":{"line":3,"column":0},"end":{"line":3,"column":20}},"4":{"start":{"line":4,"column":0},"end":{"line":4,"column":30}},"5":{"start":{"line":6,"column":0},"end":{"line":6,"column":65}},"6":{"start":{"line":8,"column":0},"end":{"line":8,"column":44}}},"branchMap":{},"l":{"1":0,"2":0,"3":0,"4":0,"6":0,"8":0}},
"C:\\Users\\Yoana\\Desktop\\Web-Applications-Teamwork\\config\\index.js":{"path":"C:\\Users\\Yoana\\Desktop\\Web-Applications-Teamwork\\config\\index.js","s":{"1":0},"b":{},"f":{},"fnMap":{},"statementMap":{"1":{"start":{"line":1,"column":0},"end":{"line":1,"column":37}}},"branchMap":{},"l":{"1":0}},
"C:\\Users\\Yoana\\Desktop\\Web-Applications-Teamwork\\db\\db.js":{"path":"C:\\Users\\Yoana\\Desktop\\Web-Applications-Teamwork\\db\\db.js","s":{"1":0,"2":0,"3":0,"4":0,"5":0,"6":0},"b":{},"f":{},"fnMap":{},"statementMap":{"1":{"start":{"line":1,"column":0},"end":{"line":1,"column":35}},"2":{"start":{"line":2,"column":0},"end":{"line":2,"column":40}},"3":{"start":{"line":3,"column":0},"end":{"line":3,"column":34}},"4":{"start":{"line":5,"column":0},"end":{"line":7,"column":2}},"5":{"start":{"line":6,"column":4},"end":{"line":6,"column":49}},"6":{"start":{"line":9,"column":0},"end":{"line":9,"column":36}}},"branchMap":{},"l":{"1":0,"2":0,"3":0,"5":0,"6":0,"9":0}},
"C:\\Users\\Yoana\\Desktop\\Web-Applications-Teamwork\\db\\index.js":{"path":"C:\\Users\\Yoana\\Desktop\\Web-Applications-Teamwork\\db\\index.js","s":{"1":0},"b":{},"f":{},"fnMap":{},"statementMap":{"1":{"start":{"line":1,"column":0},"end":{"line":1,"column":33}}},"branchMap":{},"l":{"1":0}},
"C:\\Users\\Yoana\\Desktop\\Web-Applications-Teamwork\\models\\category.js":{"path":"C:\\Users\\Yoana\\Desktop\\Web-Applications-Teamwork\\models\\category.js","s":{"1":0,"2":0,"3":0},"b":{},"f":{"1":0},"fnMap":{"1":{"name":"(anonymous_1)","line":2,"loc":{"start":{"line":2,"column":15},"end":{"line":2,"column":24}}}},"statementMap":{"1":{"start":{"line":3,"column":8},"end":{"line":3,"column":32}},"2":{"start":{"line":4,"column":8},"end":{"line":4,"column":25}},"3":{"start":{"line":8,"column":0},"end":{"line":8,"column":26}}},"branchMap":{},"l":{"3":0,"4":0,"8":0}},
"C:\\Users\\Yoana\\Desktop\\Web-Applications-Teamwork\\models\\event.js":{"path":"C:\\Users\\Yoana\\Desktop\\Web-Applications-Teamwork\\models\\event.js","s":{"1":0,"2":0,"3":0,"4":0,"5":0,"6":0,"7":0,"8":0,"9":0,"10":0},"b":{},"f":{"1":0},"fnMap":{"1":{"name":"(anonymous_1)","line":2,"loc":{"start":{"line":2,"column":15},"end":{"line":2,"column":24}}}},"statementMap":{"1":{"start":{"line":3,"column":8},"end":{"line":3,"column":34}},"2":{"start":{"line":4,"column":8},"end":{"line":4,"column":32}},"3":{"start":{"line":5,"column":8},"end":{"line":5,"column":32}},"4":{"start":{"line":6,"column":8},"end":{"line":6,"column":34}},"5":{"start":{"line":7,"column":8},"end":{"line":7,"column":34}},"6":{"start":{"line":8,"column":8},"end":{"line":8,"column":32}},"7":{"start":{"line":9,"column":8},"end":{"line":9,"column":38}},"8":{"start":{"line":10,"column":8},"end":{"line":10,"column":34}},"9":{"start":{"line":11,"column":8},"end":{"line":11,"column":44}},"10":{"start":{"line":15,"column":0},"end":{"line":15,"column":23}}},"branchMap":{},"l":{"3":0,"4":0,"5":0,"6":0,"7":0,"8":0,"9":0,"10":0,"11":0,"15":0}},
"C:\\Users\\Yoana\\Desktop\\Web-Applications-Teamwork\\models\\message.js":{"path":"C:\\Users\\Yoana\\Desktop\\Web-Applications-Teamwork\\models\\message.js","s":{"1":0,"2":0,"3":0,"4":0,"5":0,"6":0},"b":{},"f":{"1":0},"fnMap":{"1":{"name":"(anonymous_1)","line":2,"loc":{"start":{"line":2,"column":15},"end":{"line":2,"column":24}}}},"statementMap":{"1":{"start":{"line":3,"column":8},"end":{"line":3,"column":32}},"2":{"start":{"line":4,"column":8},"end":{"line":4,"column":32}},"3":{"start":{"line":5,"column":8},"end":{"line":5,"column":38}},"4":{"start":{"line":6,"column":8},"end":{"line":6,"column":32}},"5":{"start":{"line":7,"column":8},"end":{"line":7,"column":36}},"6":{"start":{"line":11,"column":0},"end":{"line":11,"column":25}}},"branchMap":{},"l":{"3":0,"4":0,"5":0,"6":0,"7":0,"11":0}},
"C:\\Users\\Yoana\\Desktop\\Web-Applications-Teamwork\\models\\user.js":{"path":"C:\\Users\\Yoana\\Desktop\\Web-Applications-Teamwork\\models\\user.js","s":{"1":0,"2":0,"3":0,"4":0,"5":0,"6":0,"7":0,"8":0,"9":1},"b":{},"f":{"1":0},"fnMap":{"1":{"name":"(anonymous_1)","line":2,"loc":{"start":{"line":2,"column":15},"end":{"line":2,"column":24}}}},"statementMap":{"1":{"start":{"line":3,"column":8},"end":{"line":3,"column":40}},"2":{"start":{"line":4,"column":8},"end":{"line":4,"column":40}},"3":{"start":{"line":5,"column":8},"end":{"line":5,"column":42}},"4":{"start":{"line":6,"column":8},"end":{"line":6,"column":40}},"5":{"start":{"line":7,"column":8},"end":{"line":7,"column":34}},"6":{"start":{"line":8,"column":8},"end":{"line":8,"column":30}},"7":{"start":{"line":9,"column":8},"end":{"line":9,"column":36}},"8":{"start":{"line":10,"column":8},"end":{"line":10,"column":25}},"9":{"start":{"line":14,"column":0},"end":{"line":14,"column":22}}},"branchMap":{},"l":{"3":0,"4":0,"5":0,"6":0,"7":0,"8":0,"9":0,"10":0,"14":1}},
"C:\\Users\\Yoana\\Desktop\\Web-Applications-Teamwork\\server.js":{"path":"C:\\Users\\Yoana\\Desktop\\Web-Applications-Teamwork\\server.js","s":{"1":0,"2":0,"3":0,"4":0,"5":0,"6":0},"b":{},"f":{},"fnMap":{},"statementMap":{"1":{"start":{"line":3,"column":0},"end":{"line":3,"column":35}},"2":{"start":{"line":5,"column":0},"end":{"line":16,"column":7}},"3":{"start":{"line":7,"column":8},"end":{"line":7,"column":42}},"4":{"start":{"line":10,"column":8},"end":{"line":10,"column":43}},"5":{"start":{"line":13,"column":12},"end":{"line":15,"column":11}},"6":{"start":{"line":14,"column":12},"end":{"line":14,"column":63}}},"branchMap":{},"l":{"3":0,"5":0,"7":0,"10":0,"13":0,"14":0}}}
