TN:
SF:D:\TelerikAcademy\Web-Applications-With-Node.js\Teamwork\Web-Applications-Teamwork\data\categories.data.js
FN:4,(anonymous_1)
FN:10,(anonymous_2)
FN:17,(anonymous_3)
FN:23,(anonymous_4)
FN:32,(anonymous_5)
FN:39,(anonymous_6)
FN:61,(anonymous_7)
FNF:7
FNH:0
FNDA:0,(anonymous_1)
FNDA:0,(anonymous_2)
FNDA:0,(anonymous_3)
FNDA:0,(anonymous_4)
FNDA:0,(anonymous_5)
FNDA:0,(anonymous_6)
FNDA:0,(anonymous_7)
DA:1,0
DA:5,0
DA:6,0
DA:7,0
DA:11,0
DA:12,0
DA:13,0
DA:18,0
DA:24,0
DA:28,0
DA:33,0
DA:41,0
DA:62,0
DA:69,0
LF:14
LH:0
BRDA:11,1,0,0
BRDA:11,1,1,0
BRF:2
BRH:0
end_of_record
TN:
SF:D:\TelerikAcademy\Web-Applications-With-Node.js\Teamwork\Web-Applications-Teamwork\data\chats.data.js
FN:4,(anonymous_1)
FN:10,(anonymous_2)
FN:15,(anonymous_3)
FNF:3
FNH:0
FNDA:0,(anonymous_1)
FNDA:0,(anonymous_2)
FNDA:0,(anonymous_3)
DA:1,0
DA:5,0
DA:6,0
DA:7,0
DA:11,0
DA:16,0
DA:17,0
DA:18,0
DA:22,0
LF:9
LH:0
BRF:0
BRH:0
end_of_record
TN:
SF:D:\TelerikAcademy\Web-Applications-With-Node.js\Teamwork\Web-Applications-Teamwork\data\data.js
FNF:0
FNH:0
DA:1,0
DA:2,0
DA:3,0
DA:4,0
DA:5,0
DA:7,0
DA:8,0
DA:16,0
LF:8
LH:0
BRF:0
BRH:0
end_of_record
TN:
SF:D:\TelerikAcademy\Web-Applications-With-Node.js\Teamwork\Web-Applications-Teamwork\data\events.data.js
FN:5,(anonymous_1)
FN:11,(anonymous_2)
FN:18,(anonymous_3)
FN:22,(anonymous_4)
FN:27,(anonymous_5)
FN:31,(anonymous_6)
FN:36,(anonymous_7)
FN:43,(anonymous_8)
FN:55,(anonymous_9)
FN:62,(anonymous_10)
FNF:10
FNH:0
FNDA:0,(anonymous_1)
FNDA:0,(anonymous_2)
FNDA:0,(anonymous_3)
FNDA:0,(anonymous_4)
FNDA:0,(anonymous_5)
FNDA:0,(anonymous_6)
FNDA:0,(anonymous_7)
FNDA:0,(anonymous_8)
FNDA:0,(anonymous_9)
FNDA:0,(anonymous_10)
DA:1,0
DA:2,0
DA:6,0
DA:7,0
DA:8,0
DA:12,0
DA:13,0
DA:14,0
DA:19,0
DA:23,0
DA:28,0
DA:32,0
DA:37,0
DA:44,0
DA:56,0
DA:63,0
DA:69,0
LF:17
LH:0
BRDA:12,1,0,0
BRDA:12,1,1,0
BRF:2
BRH:0
end_of_record
TN:
SF:D:\TelerikAcademy\Web-Applications-With-Node.js\Teamwork\Web-Applications-Teamwork\data\index.js
FNF:0
FNH:0
DA:1,0
LF:1
LH:0
BRF:0
BRH:0
end_of_record
TN:
SF:D:\TelerikAcademy\Web-Applications-With-Node.js\Teamwork\Web-Applications-Teamwork\data\users.data.js
FN:5,(anonymous_1)
FN:11,(anonymous_2)
FN:18,(anonymous_3)
FN:25,(anonymous_4)
FN:32,(anonymous_5)
FN:37,(anonymous_6)
FN:42,(anonymous_7)
FN:48,(anonymous_8)
FN:53,(anonymous_9)
FN:67,(anonymous_10)
FN:89,(anonymous_11)
FNF:11
FNH:8
FNDA:13,(anonymous_1)
FNDA:2,(anonymous_2)
FNDA:1,(anonymous_3)
FNDA:1,(anonymous_4)
FNDA:3,(anonymous_5)
FNDA:3,(anonymous_6)
FNDA:2,(anonymous_7)
FNDA:2,(anonymous_8)
FNDA:0,(anonymous_9)
FNDA:0,(anonymous_10)
FNDA:0,(anonymous_11)
DA:1,1
DA:2,1
DA:6,13
DA:7,13
DA:8,13
DA:12,2
DA:13,2
DA:14,2
DA:19,1
DA:21,1
DA:26,1
DA:33,3
DA:38,3
DA:43,2
DA:49,2
DA:54,0
DA:69,0
DA:90,0
DA:98,1
LF:19
LH:16
BRDA:12,1,0,2
BRDA:12,1,1,0
BRF:2
BRH:1
end_of_record
TN:
SF:D:\TelerikAcademy\Web-Applications-With-Node.js\Teamwork\Web-Applications-Teamwork\app\controllers\errors.controller.js
FNF:0
FNH:0
DA:1,0
DA:2,0
DA:4,0
LF:3
LH:0
BRF:0
BRH:0
end_of_record
TN:
SF:D:\TelerikAcademy\Web-Applications-With-Node.js\Teamwork\Web-Applications-Teamwork\app\controllers\events.controller.js
FNF:0
FNH:0
DA:1,0
DA:2,0
DA:4,0
DA:5,0
DA:8,0
DA:10,0
DA:16,0
DA:17,0
DA:20,0
DA:22,0
DA:23,0
DA:24,0
DA:25,0
DA:27,0
DA:29,0
DA:31,0
DA:32,0
DA:34,0
DA:42,0
DA:44,0
DA:45,0
DA:46,0
DA:49,0
DA:51,0
DA:59,0
DA:60,0
DA:61,0
DA:63,0
DA:65,0
DA:66,0
DA:67,0
DA:70,0
DA:71,0
DA:76,0
DA:78,0
DA:83,0
DA:85,0
DA:86,0
DA:88,0
DA:89,0
DA:92,0
DA:93,0
DA:96,0
DA:103,0
DA:107,0
DA:109,0
DA:115,0
DA:117,0
DA:119,0
DA:120,0
DA:123,0
DA:124,0
DA:130,0
DA:132,0
DA:134,0
DA:135,0
DA:140,0
DA:147,0
DA:150,0
DA:152,0
DA:154,0
DA:155,0
DA:158,0
DA:164,0
DA:165,0
DA:168,0
DA:169,0
DA:170,0
DA:172,0
DA:173,0
DA:175,0
DA:177,0
DA:181,0
DA:186,0
DA:188,0
DA:189,0
DA:192,0
DA:193,0
DA:196,0
DA:200,0
DA:205,0
DA:206,0
DA:207,0
DA:213,0
DA:214,0
DA:222,0
DA:227,0
DA:228,0
DA:231,0
DA:233,0
DA:235,0
DA:236,0
DA:239,0
DA:240,0
DA:243,0
DA:245,0
DA:247,0
DA:248,0
DA:249,0
DA:251,0
DA:252,0
DA:256,0
DA:261,0
DA:262,0
DA:264,0
DA:265,0
DA:267,0
DA:268,0
DA:271,0
DA:277,0
DA:279,0
LF:111
LH:0
BRDA:4,1,0,0
BRDA:4,1,1,0
BRDA:16,2,0,0
BRDA:16,2,1,0
BRDA:31,3,0,0
BRDA:31,3,1,0
BRDA:44,4,0,0
BRDA:44,4,1,0
BRDA:65,5,0,0
BRDA:65,5,1,0
BRDA:88,6,0,0
BRDA:88,6,1,0
BRDA:119,7,0,0
BRDA:119,7,1,0
BRDA:134,8,0,0
BRDA:134,8,1,0
BRDA:154,9,0,0
BRDA:154,9,1,0
BRDA:164,10,0,0
BRDA:164,10,1,0
BRDA:177,11,0,0
BRDA:177,11,1,0
BRDA:188,12,0,0
BRDA:188,12,1,0
BRDA:192,13,0,0
BRDA:192,13,1,0
BRDA:205,14,0,0
BRDA:205,14,1,0
BRDA:227,15,0,0
BRDA:227,15,1,0
BRDA:235,16,0,0
BRDA:235,16,1,0
BRDA:239,17,0,0
BRDA:239,17,1,0
BRDA:247,18,0,0
BRDA:247,18,1,0
BRDA:264,19,0,0
BRDA:264,19,1,0
BRDA:267,20,0,0
BRDA:267,20,1,0
BRF:40
BRH:0
end_of_record
TN:
SF:D:\TelerikAcademy\Web-Applications-With-Node.js\Teamwork\Web-Applications-Teamwork\app\controllers\home.controller.js
FNF:0
FNH:0
DA:1,0
DA:2,0
DA:4,0
DA:6,0
DA:14,0
LF:5
LH:0
BRF:0
BRH:0
end_of_record
TN:
SF:D:\TelerikAcademy\Web-Applications-With-Node.js\Teamwork\Web-Applications-Teamwork\app\controllers\users.controller.js
FNF:0
FNH:0
DA:1,0
DA:2,0
DA:4,0
DA:5,0
DA:7,0
DA:10,0
DA:13,0
DA:14,0
DA:16,0
DA:19,0
DA:22,0
DA:23,0
DA:25,0
DA:28,0
DA:30,0
DA:32,0
DA:34,0
DA:36,0
DA:38,0
DA:40,0
DA:41,0
DA:47,0
DA:49,0
DA:50,0
DA:51,0
DA:54,0
DA:60,0
DA:61,0
DA:63,0
DA:65,0
DA:70,0
DA:71,0
DA:74,0
DA:76,0
DA:78,0
DA:79,0
DA:82,0
DA:83,0
DA:89,0
DA:95,0
DA:96,0
DA:99,0
DA:101,0
DA:102,0
DA:104,0
DA:106,0
DA:109,0
DA:114,0
DA:119,0
DA:123,0
DA:125,0
DA:127,0
DA:128,0
DA:131,0
DA:137,0
DA:138,0
DA:140,0
DA:141,0
DA:143,0
DA:144,0
DA:147,0
DA:153,0
DA:155,0
LF:63
LH:0
BRDA:4,1,0,0
BRDA:4,1,1,0
BRDA:13,2,0,0
BRDA:13,2,1,0
BRDA:22,3,0,0
BRDA:22,3,1,0
BRDA:40,4,0,0
BRDA:40,4,1,0
BRDA:49,5,0,0
BRDA:49,5,1,0
BRDA:78,6,0,0
BRDA:78,6,1,0
BRDA:82,7,0,0
BRDA:82,7,1,0
BRDA:95,8,0,0
BRDA:95,8,1,0
BRDA:95,9,0,0
BRDA:95,9,1,0
BRDA:106,10,0,0
BRDA:106,10,1,0
BRDA:127,11,0,0
BRDA:127,11,1,0
BRDA:140,12,0,0
BRDA:140,12,1,0
BRDA:143,13,0,0
BRDA:143,13,1,0
BRF:26
BRH:0
end_of_record
TN:
SF:D:\TelerikAcademy\Web-Applications-With-Node.js\Teamwork\Web-Applications-Teamwork\app\app.js
FNF:0
FNH:0
DA:1,0
DA:2,0
DA:3,0
DA:4,0
DA:5,0
DA:7,0
DA:8,0
DA:9,0
DA:10,0
DA:12,0
DA:13,0
DA:14,0
DA:15,0
DA:16,0
DA:17,0
DA:19,0
DA:20,0
DA:21,0
DA:22,0
DA:24,0
DA:25,0
DA:26,0
DA:27,0
DA:29,0
DA:30,0
DA:31,0
DA:32,0
DA:35,0
DA:36,0
DA:37,0
DA:42,0
DA:43,0
DA:44,0
DA:47,0
DA:48,0
DA:49,0
DA:50,0
DA:51,0
DA:54,0
DA:55,0
DA:56,0
DA:59,0
DA:60,0
DA:63,0
DA:64,0
DA:65,0
DA:68,0
DA:69,0
DA:70,0
DA:72,0
DA:74,0
DA:75,0
DA:76,0
DA:77,0
DA:79,0
DA:83,0
DA:86,0
LF:57
LH:0
BRF:0
BRH:0
end_of_record
TN:
SF:D:\TelerikAcademy\Web-Applications-With-Node.js\Teamwork\Web-Applications-Teamwork\app\index.js
FNF:0
FNH:0
DA:1,0
LF:1
LH:0
BRF:0
BRH:0
end_of_record
TN:
SF:D:\TelerikAcademy\Web-Applications-With-Node.js\Teamwork\Web-Applications-Teamwork\config\auth.config.js
FNF:0
FNH:0
DA:1,0
DA:2,0
DA:3,0
DA:4,0
DA:5,0
DA:6,0
DA:7,0
DA:9,0
DA:10,0
DA:11,0
DA:14,0
DA:15,0
DA:21,0
DA:22,0
DA:24,0
DA:25,0
DA:27,0
DA:28,0
DA:30,0
DA:35,0
DA:36,0
DA:39,0
DA:40,0
DA:42,0
DA:43,0
DA:51,0
DA:54,0
DA:59,0
LF:28
LH:0
BRDA:27,1,0,0
BRDA:27,1,1,0
BRDA:42,2,0,0
BRDA:42,2,1,0
BRF:4
BRH:0
end_of_record
TN:
SF:D:\TelerikAcademy\Web-Applications-With-Node.js\Teamwork\Web-Applications-Teamwork\config\config.js
FNF:0
FNH:0
DA:1,0
DA:2,0
DA:3,0
DA:4,0
DA:6,0
DA:8,0
LF:6
LH:0
BRF:0
BRH:0
end_of_record
TN:
SF:D:\TelerikAcademy\Web-Applications-With-Node.js\Teamwork\Web-Applications-Teamwork\config\index.js
FNF:0
FNH:0
DA:1,0
LF:1
LH:0
BRF:0
BRH:0
end_of_record
TN:
SF:D:\TelerikAcademy\Web-Applications-With-Node.js\Teamwork\Web-Applications-Teamwork\db\db.js
FNF:0
FNH:0
DA:1,0
DA:2,0
DA:3,0
DA:5,0
DA:6,0
DA:9,0
LF:6
LH:0
BRF:0
BRH:0
end_of_record
TN:
SF:D:\TelerikAcademy\Web-Applications-With-Node.js\Teamwork\Web-Applications-Teamwork\db\index.js
FNF:0
FNH:0
DA:1,0
LF:1
LH:0
BRF:0
BRH:0
end_of_record
TN:
SF:D:\TelerikAcademy\Web-Applications-With-Node.js\Teamwork\Web-Applications-Teamwork\models\category.js
FN:2,(anonymous_1)
FNF:1
FNH:0
FNDA:0,(anonymous_1)
DA:3,0
DA:4,0
DA:8,0
LF:3
LH:0
BRF:0
BRH:0
end_of_record
TN:
SF:D:\TelerikAcademy\Web-Applications-With-Node.js\Teamwork\Web-Applications-Teamwork\models\event.js
FN:2,(anonymous_1)
FNF:1
FNH:0
FNDA:0,(anonymous_1)
DA:3,0
DA:4,0
DA:5,0
DA:6,0
DA:7,0
DA:8,0
DA:9,0
DA:10,0
DA:11,0
DA:15,0
LF:10
LH:0
BRF:0
BRH:0
end_of_record
TN:
SF:D:\TelerikAcademy\Web-Applications-With-Node.js\Teamwork\Web-Applications-Teamwork\models\message.js
FN:2,(anonymous_1)
FNF:1
FNH:0
FNDA:0,(anonymous_1)
DA:3,0
DA:4,0
DA:5,0
DA:6,0
DA:7,0
DA:11,0
LF:6
LH:0
BRF:0
BRH:0
end_of_record
TN:
SF:D:\TelerikAcademy\Web-Applications-With-Node.js\Teamwork\Web-Applications-Teamwork\models\user.js
FN:2,(anonymous_1)
FNF:1
FNH:1
FNDA:4,(anonymous_1)
DA:3,4
DA:4,4
DA:5,4
DA:6,4
DA:7,4
DA:8,4
DA:9,4
DA:10,4
DA:14,1
LF:9
LH:9
BRF:0
BRH:0
end_of_record
TN:
SF:D:\TelerikAcademy\Web-Applications-With-Node.js\Teamwork\Web-Applications-Teamwork\server.js
FNF:0
FNH:0
DA:3,0
DA:5,0
DA:7,0
DA:10,0
DA:13,0
DA:14,0
LF:6
LH:0
BRF:0
BRH:0
end_of_record
